<?xml version="1.0" encoding="UTF-8"?>
<testsuite name="JUnit Jupiter" tests="8" skipped="0" failures="0" errors="0" time="0.348" hostname="DESKTOP-9Q8OD3O" timestamp="2018-08-22T02:11:06">
<properties>
[...]
</properties>
<testcase name="reservesCorrectSeats()" classname="com.walmart.ticketservice.model.impl.LowestSeatVenueTest" time="0.264">
<system-out><![CDATA[
unique-id: [engine:junit-jupiter]/[class:com.walmart.ticketservice.model.impl.LowestSeatVenueTest]/[method:reservesCorrectSeats()]
display-name: reservesCorrectSeats()
]]></system-out>
</testcase>
<testcase name="shouldReturnCorrectNumSeats()" classname="com.walmart.ticketservice.model.impl.LowestSeatVenueTest" time="0.003">
<system-out><![CDATA[
unique-id: [engine:junit-jupiter]/[class:com.walmart.ticketservice.model.impl.LowestSeatVenueTest]/[method:shouldReturnCorrectNumSeats()]
display-name: shouldReturnCorrectNumSeats()
]]></system-out>
</testcase>
<testcase name="shouldThrowExcpetion()" classname="com.walmart.ticketservice.model.impl.LowestSeatVenueTest" time="0.008">
<system-out><![CDATA[
unique-id: [engine:junit-jupiter]/[class:com.walmart.ticketservice.model.impl.LowestSeatVenueTest]/[method:shouldThrowExcpetion()]
display-name: shouldThrowExcpetion()
]]></system-out>
</testcase>
<testcase name="shouldAddRemoveCorrectly()" classname="com.walmart.ticketservice.repo.impl.NoPersistenceRepoTest" time="0.012">
<system-out><![CDATA[
unique-id: [engine:junit-jupiter]/[class:com.walmart.ticketservice.repo.impl.NoPersistenceRepoTest]/[method:shouldAddRemoveCorrectly()]
display-name: shouldAddRemoveCorrectly()
]]></system-out>
</testcase>
<testcase name="shouldFindOneExpired()" classname="com.walmart.ticketservice.repo.impl.NoPersistenceRepoTest" time="0.004">
<system-out><![CDATA[
unique-id: [engine:junit-jupiter]/[class:com.walmart.ticketservice.repo.impl.NoPersistenceRepoTest]/[method:shouldFindOneExpired()]
display-name: shouldFindOneExpired()
]]></system-out>
</testcase>
<testcase name="shouldFailToReserve()" classname="com.walmart.ticketservice.service.TicketServiceImplTest" time="0.002">
<system-out><![CDATA[
unique-id: [engine:junit-jupiter]/[class:com.walmart.ticketservice.service.TicketServiceImplTest]/[method:shouldFailToReserve()]
display-name: shouldFailToReserve()
]]></system-out>
</testcase>
<testcase name="shouldHoldAndReserve()" classname="com.walmart.ticketservice.service.TicketServiceImplTest" time="0.009">
<system-out><![CDATA[
unique-id: [engine:junit-jupiter]/[class:com.walmart.ticketservice.service.TicketServiceImplTest]/[method:shouldHoldAndReserve()]
display-name: shouldHoldAndReserve()
]]></system-out>
</testcase>
<testcase name="shouldThrowException()" classname="com.walmart.ticketservice.service.TicketServiceImplTest" time="0.003">
<system-out><![CDATA[
unique-id: [engine:junit-jupiter]/[class:com.walmart.ticketservice.service.TicketServiceImplTest]/[method:shouldThrowException()]
display-name: shouldThrowException()
]]></system-out>
</testcase>
<system-out><![CDATA[
unique-id: [engine:junit-jupiter]
display-name: JUnit Jupiter
]]></system-out>
</testsuite>
